2023-04-24 13:49:44.483 [background-preinit] INFO  org.hibernate.validator.internal.util.Version - HV000001: Hibernate Validator 8.0.0.Final
2023-04-24 13:49:44.715 [main] INFO  top.wuml.ServerApplication - Starting ServerApplication using Java 17.0.4.1 with PID 15740 (D:\ideaWorkspace\api-boot\api-server\target\classes started by 65648 in D:\ideaWorkspace\api-boot)
2023-04-24 13:49:44.716 [main] INFO  top.wuml.ServerApplication - The following 1 profile is active: "dev"
2023-04-24 13:49:48.618 [main] INFO  o.s.d.r.config.RepositoryConfigurationDelegate - Multiple Spring Data modules found, entering strict repository configuration mode
2023-04-24 13:49:48.622 [main] INFO  o.s.d.r.config.RepositoryConfigurationDelegate - Bootstrapping Spring Data Redis repositories in DEFAULT mode.
2023-04-24 13:49:48.754 [main] INFO  o.s.d.r.config.RepositoryConfigurationDelegate - Finished Spring Data repository scanning in 96 ms. Found 0 Redis repository interfaces.
2023-04-24 13:49:50.230 [main] INFO  o.s.boot.web.embedded.tomcat.TomcatWebServer - Tomcat initialized with port(s): 8080 (http)
2023-04-24 13:49:50.252 [main] INFO  org.apache.coyote.http11.Http11NioProtocol - Initializing ProtocolHandler ["http-nio-8080"]
2023-04-24 13:49:50.253 [main] INFO  org.apache.catalina.core.StandardService - Starting service [Tomcat]
2023-04-24 13:49:50.254 [main] INFO  org.apache.catalina.core.StandardEngine - Starting Servlet engine: [Apache Tomcat/10.1.7]
2023-04-24 13:49:50.628 [main] INFO  o.a.c.core.ContainerBase.[Tomcat].[localhost].[/] - Initializing Spring embedded WebApplicationContext
2023-04-24 13:49:50.629 [main] INFO  o.s.b.w.s.c.ServletWebServerApplicationContext - Root WebApplicationContext: initialization completed in 5662 ms
2023-04-24 13:49:54.108 [main] INFO  o.s.security.web.DefaultSecurityFilterChain - Will secure any request with [org.springframework.security.web.session.DisableEncodeUrlFilter@87220f1, org.springframework.security.web.context.request.async.WebAsyncManagerIntegrationFilter@77998ea7, org.springframework.security.web.context.SecurityContextHolderFilter@31fe0ce5, org.springframework.security.web.header.HeaderWriterFilter@2419fe6f, org.springframework.security.web.authentication.logout.LogoutFilter@48d31d25, top.wuml.security.filter.AuthenticationTokenFilter@7bede4ea, org.springframework.security.web.savedrequest.RequestCacheAwareFilter@4641f66c, org.springframework.security.web.servletapi.SecurityContextHolderAwareRequestFilter@6b0ba697, org.springframework.security.web.authentication.AnonymousAuthenticationFilter@252d8df6, org.springframework.security.web.session.SessionManagementFilter@16d61071, org.springframework.security.web.access.ExceptionTranslationFilter@4e51eda7, org.springframework.security.web.access.intercept.AuthorizationFilter@4af7ac25]
2023-04-24 13:49:54.771 [main] INFO  org.apache.coyote.http11.Http11NioProtocol - Starting ProtocolHandler ["http-nio-8080"]
2023-04-24 13:49:54.839 [main] INFO  o.s.boot.web.embedded.tomcat.TomcatWebServer - Tomcat started on port(s): 8080 (http) with context path ''
2023-04-24 13:49:54.860 [main] INFO  top.wuml.ServerApplication - Started ServerApplication in 11.204 seconds (process running for 17.591)
2023-04-24 15:07:11.828 [background-preinit] INFO  org.hibernate.validator.internal.util.Version - HV000001: Hibernate Validator 8.0.0.Final
2023-04-24 15:07:11.884 [main] INFO  top.wuml.ServerApplication - Starting ServerApplication using Java 17.0.4.1 with PID 20448 (D:\ideaWorkspace\api-boot\api-server\target\classes started by 65648 in D:\ideaWorkspace\api-boot)
2023-04-24 15:07:11.886 [main] INFO  top.wuml.ServerApplication - The following 1 profile is active: "dev"
2023-04-24 15:07:13.056 [main] INFO  o.s.d.r.config.RepositoryConfigurationDelegate - Multiple Spring Data modules found, entering strict repository configuration mode
2023-04-24 15:07:13.058 [main] INFO  o.s.d.r.config.RepositoryConfigurationDelegate - Bootstrapping Spring Data Redis repositories in DEFAULT mode.
2023-04-24 15:07:13.107 [main] INFO  o.s.d.r.config.RepositoryConfigurationDelegate - Finished Spring Data repository scanning in 32 ms. Found 0 Redis repository interfaces.
2023-04-24 15:07:13.904 [main] INFO  o.s.boot.web.embedded.tomcat.TomcatWebServer - Tomcat initialized with port(s): 8080 (http)
2023-04-24 15:07:13.913 [main] INFO  org.apache.coyote.http11.Http11NioProtocol - Initializing ProtocolHandler ["http-nio-8080"]
2023-04-24 15:07:13.916 [main] INFO  org.apache.catalina.core.StandardService - Starting service [Tomcat]
2023-04-24 15:07:13.917 [main] INFO  org.apache.catalina.core.StandardEngine - Starting Servlet engine: [Apache Tomcat/10.1.7]
2023-04-24 15:07:14.055 [main] INFO  o.a.c.core.ContainerBase.[Tomcat].[localhost].[/] - Initializing Spring embedded WebApplicationContext
2023-04-24 15:07:14.055 [main] INFO  o.s.b.w.s.c.ServletWebServerApplicationContext - Root WebApplicationContext: initialization completed in 2112 ms
2023-04-24 15:07:16.912 [main] INFO  o.s.security.web.DefaultSecurityFilterChain - Will secure any request with [org.springframework.security.web.session.DisableEncodeUrlFilter@3df04fa1, org.springframework.security.web.context.request.async.WebAsyncManagerIntegrationFilter@5c25daad, org.springframework.security.web.context.SecurityContextHolderFilter@413eaf5d, org.springframework.security.web.header.HeaderWriterFilter@270b8c2a, org.springframework.security.web.authentication.logout.LogoutFilter@76220ef1, top.wuml.security.filter.AuthenticationTokenFilter@6e807e2, org.springframework.security.web.savedrequest.RequestCacheAwareFilter@33891646, org.springframework.security.web.servletapi.SecurityContextHolderAwareRequestFilter@3bdbf8d3, org.springframework.security.web.authentication.AnonymousAuthenticationFilter@6fdc2db6, org.springframework.security.web.session.SessionManagementFilter@472719df, org.springframework.security.web.access.ExceptionTranslationFilter@73234691, org.springframework.security.web.access.intercept.AuthorizationFilter@398694a6]
2023-04-24 15:07:17.411 [main] INFO  org.apache.coyote.http11.Http11NioProtocol - Starting ProtocolHandler ["http-nio-8080"]
2023-04-24 15:07:17.442 [main] INFO  o.s.boot.web.embedded.tomcat.TomcatWebServer - Tomcat started on port(s): 8080 (http) with context path ''
2023-04-24 15:07:17.456 [main] INFO  top.wuml.ServerApplication - Started ServerApplication in 6.145 seconds (process running for 7.958)
2023-04-24 15:08:21.263 [http-nio-8080-exec-1] INFO  o.a.c.core.ContainerBase.[Tomcat].[localhost].[/] - Initializing Spring DispatcherServlet 'dispatcherServlet'
2023-04-24 15:08:21.264 [http-nio-8080-exec-1] INFO  org.springframework.web.servlet.DispatcherServlet - Initializing Servlet 'dispatcherServlet'
2023-04-24 15:08:21.265 [http-nio-8080-exec-1] INFO  org.springframework.web.servlet.DispatcherServlet - Completed initialization in 1 ms
2023-04-24 15:08:21.776 [http-nio-8080-exec-2] INFO  com.zaxxer.hikari.HikariDataSource - MakuHikariCP - Starting...
2023-04-24 15:08:22.730 [http-nio-8080-exec-2] INFO  com.zaxxer.hikari.pool.HikariPool - MakuHikariCP - Added connection com.mysql.cj.jdbc.ConnectionImpl@48b46bce
2023-04-24 15:08:22.733 [http-nio-8080-exec-2] INFO  com.zaxxer.hikari.HikariDataSource - MakuHikariCP - Start completed.
2023-04-24 15:10:17.083 [SpringApplicationShutdownHook] INFO  com.zaxxer.hikari.HikariDataSource - MakuHikariCP - Shutdown initiated...
2023-04-24 15:10:17.088 [SpringApplicationShutdownHook] INFO  com.zaxxer.hikari.HikariDataSource - MakuHikariCP - Shutdown completed.
2023-04-24 15:10:22.591 [background-preinit] INFO  org.hibernate.validator.internal.util.Version - HV000001: Hibernate Validator 8.0.0.Final
2023-04-24 15:10:22.636 [main] INFO  top.wuml.ServerApplication - Starting ServerApplication using Java 17.0.4.1 with PID 23388 (D:\ideaWorkspace\api-boot\api-server\target\classes started by 65648 in D:\ideaWorkspace\api-boot)
2023-04-24 15:10:22.637 [main] INFO  top.wuml.ServerApplication - The following 1 profile is active: "dev"
2023-04-24 15:10:23.653 [main] INFO  o.s.d.r.config.RepositoryConfigurationDelegate - Multiple Spring Data modules found, entering strict repository configuration mode
2023-04-24 15:10:23.654 [main] INFO  o.s.d.r.config.RepositoryConfigurationDelegate - Bootstrapping Spring Data Redis repositories in DEFAULT mode.
2023-04-24 15:10:23.698 [main] INFO  o.s.d.r.config.RepositoryConfigurationDelegate - Finished Spring Data repository scanning in 29 ms. Found 0 Redis repository interfaces.
2023-04-24 15:10:24.356 [main] INFO  o.s.boot.web.embedded.tomcat.TomcatWebServer - Tomcat initialized with port(s): 8080 (http)
2023-04-24 15:10:24.364 [main] INFO  org.apache.coyote.http11.Http11NioProtocol - Initializing ProtocolHandler ["http-nio-8080"]
2023-04-24 15:10:24.365 [main] INFO  org.apache.catalina.core.StandardService - Starting service [Tomcat]
2023-04-24 15:10:24.367 [main] INFO  org.apache.catalina.core.StandardEngine - Starting Servlet engine: [Apache Tomcat/10.1.7]
2023-04-24 15:10:24.477 [main] INFO  o.a.c.core.ContainerBase.[Tomcat].[localhost].[/] - Initializing Spring embedded WebApplicationContext
2023-04-24 15:10:24.478 [main] INFO  o.s.b.w.s.c.ServletWebServerApplicationContext - Root WebApplicationContext: initialization completed in 1797 ms
2023-04-24 15:10:26.678 [main] INFO  o.s.security.web.DefaultSecurityFilterChain - Will secure any request with [org.springframework.security.web.session.DisableEncodeUrlFilter@391dfe7c, org.springframework.security.web.context.request.async.WebAsyncManagerIntegrationFilter@702cfbde, org.springframework.security.web.context.SecurityContextHolderFilter@3400d6fa, org.springframework.security.web.header.HeaderWriterFilter@64544ee4, org.springframework.security.web.authentication.logout.LogoutFilter@86377d5, top.wuml.security.filter.AuthenticationTokenFilter@f2fb225, org.springframework.security.web.savedrequest.RequestCacheAwareFilter@41a8f0d8, org.springframework.security.web.servletapi.SecurityContextHolderAwareRequestFilter@30133a11, org.springframework.security.web.authentication.AnonymousAuthenticationFilter@7d3bcd3, org.springframework.security.web.session.SessionManagementFilter@ca10069, org.springframework.security.web.access.ExceptionTranslationFilter@6fdc2db6, org.springframework.security.web.access.intercept.AuthorizationFilter@5dd3727c]
2023-04-24 15:10:27.054 [main] INFO  org.apache.coyote.http11.Http11NioProtocol - Starting ProtocolHandler ["http-nio-8080"]
2023-04-24 15:10:27.084 [main] INFO  o.s.boot.web.embedded.tomcat.TomcatWebServer - Tomcat started on port(s): 8080 (http) with context path ''
2023-04-24 15:10:27.095 [main] INFO  top.wuml.ServerApplication - Started ServerApplication in 4.869 seconds (process running for 6.014)
2023-04-24 15:12:03.631 [http-nio-8080-exec-1] INFO  o.a.c.core.ContainerBase.[Tomcat].[localhost].[/] - Initializing Spring DispatcherServlet 'dispatcherServlet'
2023-04-24 15:12:03.632 [http-nio-8080-exec-1] INFO  org.springframework.web.servlet.DispatcherServlet - Initializing Servlet 'dispatcherServlet'
2023-04-24 15:12:03.636 [http-nio-8080-exec-1] INFO  org.springframework.web.servlet.DispatcherServlet - Completed initialization in 4 ms
2023-04-24 15:12:03.990 [http-nio-8080-exec-2] INFO  com.zaxxer.hikari.HikariDataSource - MakuHikariCP - Starting...
2023-04-24 15:12:04.261 [http-nio-8080-exec-2] INFO  com.zaxxer.hikari.pool.HikariPool - MakuHikariCP - Added connection com.mysql.cj.jdbc.ConnectionImpl@7ab88837
2023-04-24 15:12:04.263 [http-nio-8080-exec-2] INFO  com.zaxxer.hikari.HikariDataSource - MakuHikariCP - Start completed.
2023-04-24 17:13:32.994 [lettuce-nioEventLoop-4-1] INFO  io.lettuce.core.protocol.CommandHandler - null Unexpected exception during request: java.net.SocketException: Connection reset
java.net.SocketException: Connection reset
	at java.base/sun.nio.ch.SocketChannelImpl.throwConnectionReset(SocketChannelImpl.java:394)
	at java.base/sun.nio.ch.SocketChannelImpl.read(SocketChannelImpl.java:426)
	at io.netty.buffer.PooledByteBuf.setBytes(PooledByteBuf.java:256)
	at io.netty.buffer.AbstractByteBuf.writeBytes(AbstractByteBuf.java:1132)
	at io.netty.channel.socket.nio.NioSocketChannel.doReadBytes(NioSocketChannel.java:357)
	at io.netty.channel.nio.AbstractNioByteChannel$NioByteUnsafe.read(AbstractNioByteChannel.java:151)
	at io.netty.channel.nio.NioEventLoop.processSelectedKey(NioEventLoop.java:788)
	at io.netty.channel.nio.NioEventLoop.processSelectedKeysOptimized(NioEventLoop.java:724)
	at io.netty.channel.nio.NioEventLoop.processSelectedKeys(NioEventLoop.java:650)
	at io.netty.channel.nio.NioEventLoop.run(NioEventLoop.java:562)
	at io.netty.util.concurrent.SingleThreadEventExecutor$4.run(SingleThreadEventExecutor.java:997)
	at io.netty.util.internal.ThreadExecutorMap$2.run(ThreadExecutorMap.java:74)
	at io.netty.util.concurrent.FastThreadLocalRunnable.run(FastThreadLocalRunnable.java:30)
	at java.base/java.lang.Thread.run(Thread.java:833)
2023-04-24 17:13:33.197 [lettuce-eventExecutorLoop-1-4] INFO  io.lettuce.core.protocol.ConnectionWatchdog - Reconnecting, last destination was localhost/127.0.0.1:6379
2023-04-24 17:13:38.466 [lettuce-eventExecutorLoop-1-3] INFO  io.lettuce.core.protocol.ConnectionWatchdog - Reconnecting, last destination was localhost/<unresolved>:6379
2023-04-24 17:13:39.640 [SpringApplicationShutdownHook] INFO  com.zaxxer.hikari.HikariDataSource - MakuHikariCP - Shutdown initiated...
2023-04-24 17:13:39.655 [SpringApplicationShutdownHook] INFO  com.zaxxer.hikari.HikariDataSource - MakuHikariCP - Shutdown completed.
2023-04-24 19:54:50.709 [background-preinit] INFO  org.hibernate.validator.internal.util.Version - HV000001: Hibernate Validator 8.0.0.Final
2023-04-24 19:54:50.863 [main] INFO  top.wuml.ServerApplication - Starting ServerApplication using Java 17.0.4.1 with PID 24600 (D:\ideaWorkspace\api-boot\api-server\target\classes started by 65648 in D:\ideaWorkspace\api-boot)
2023-04-24 19:54:50.865 [main] INFO  top.wuml.ServerApplication - The following 1 profile is active: "dev"
2023-04-24 19:54:55.292 [main] INFO  o.s.d.r.config.RepositoryConfigurationDelegate - Multiple Spring Data modules found, entering strict repository configuration mode
2023-04-24 19:54:55.297 [main] INFO  o.s.d.r.config.RepositoryConfigurationDelegate - Bootstrapping Spring Data Redis repositories in DEFAULT mode.
2023-04-24 19:54:55.406 [main] INFO  o.s.d.r.config.RepositoryConfigurationDelegate - Finished Spring Data repository scanning in 76 ms. Found 0 Redis repository interfaces.
2023-04-24 19:54:57.038 [main] INFO  o.s.boot.web.embedded.tomcat.TomcatWebServer - Tomcat initialized with port(s): 8080 (http)
2023-04-24 19:54:57.079 [main] INFO  org.apache.coyote.http11.Http11NioProtocol - Initializing ProtocolHandler ["http-nio-8080"]
2023-04-24 19:54:57.080 [main] INFO  org.apache.catalina.core.StandardService - Starting service [Tomcat]
2023-04-24 19:54:57.081 [main] INFO  org.apache.catalina.core.StandardEngine - Starting Servlet engine: [Apache Tomcat/10.1.7]
2023-04-24 19:54:57.327 [main] INFO  o.a.c.core.ContainerBase.[Tomcat].[localhost].[/] - Initializing Spring embedded WebApplicationContext
2023-04-24 19:54:57.327 [main] INFO  o.s.b.w.s.c.ServletWebServerApplicationContext - Root WebApplicationContext: initialization completed in 6266 ms
2023-04-24 19:55:02.245 [main] INFO  o.s.security.web.DefaultSecurityFilterChain - Will secure any request with [org.springframework.security.web.session.DisableEncodeUrlFilter@1d0b447b, org.springframework.security.web.context.request.async.WebAsyncManagerIntegrationFilter@4de158ca, org.springframework.security.web.context.SecurityContextHolderFilter@45849604, org.springframework.security.web.header.HeaderWriterFilter@3c97f5e9, org.springframework.security.web.authentication.logout.LogoutFilter@54a6ef6, top.wuml.security.filter.AuthenticationTokenFilter@389a5022, org.springframework.security.web.savedrequest.RequestCacheAwareFilter@25823192, org.springframework.security.web.servletapi.SecurityContextHolderAwareRequestFilter@3df04fa1, org.springframework.security.web.authentication.AnonymousAuthenticationFilter@4f2fdf3d, org.springframework.security.web.session.SessionManagementFilter@653e7b, org.springframework.security.web.access.ExceptionTranslationFilter@5fb514c2, org.springframework.security.web.access.intercept.AuthorizationFilter@2f61de04]
2023-04-24 19:55:03.026 [main] INFO  org.apache.coyote.http11.Http11NioProtocol - Starting ProtocolHandler ["http-nio-8080"]
2023-04-24 19:55:03.099 [main] INFO  o.s.boot.web.embedded.tomcat.TomcatWebServer - Tomcat started on port(s): 8080 (http) with context path ''
2023-04-24 19:55:03.120 [main] INFO  top.wuml.ServerApplication - Started ServerApplication in 13.377 seconds (process running for 19.562)
2023-04-24 19:56:26.842 [http-nio-8080-exec-1] INFO  o.a.c.core.ContainerBase.[Tomcat].[localhost].[/] - Initializing Spring DispatcherServlet 'dispatcherServlet'
2023-04-24 19:56:26.842 [http-nio-8080-exec-1] INFO  org.springframework.web.servlet.DispatcherServlet - Initializing Servlet 'dispatcherServlet'
2023-04-24 19:56:26.844 [http-nio-8080-exec-1] INFO  org.springframework.web.servlet.DispatcherServlet - Completed initialization in 2 ms
2023-04-24 19:56:28.206 [http-nio-8080-exec-2] INFO  com.zaxxer.hikari.HikariDataSource - MakuHikariCP - Starting...
2023-04-24 19:56:29.041 [http-nio-8080-exec-2] INFO  com.zaxxer.hikari.pool.HikariPool - MakuHikariCP - Added connection com.mysql.cj.jdbc.ConnectionImpl@319a1be6
2023-04-24 19:56:29.043 [http-nio-8080-exec-2] INFO  com.zaxxer.hikari.HikariDataSource - MakuHikariCP - Start completed.
2023-04-24 21:51:50.511 [SpringApplicationShutdownHook] INFO  com.zaxxer.hikari.HikariDataSource - MakuHikariCP - Shutdown initiated...
2023-04-24 21:51:50.517 [SpringApplicationShutdownHook] INFO  com.zaxxer.hikari.HikariDataSource - MakuHikariCP - Shutdown completed.
