2023-04-25 14:18:58.555 [background-preinit] INFO  org.hibernate.validator.internal.util.Version - HV000001: Hibernate Validator 8.0.0.Final
2023-04-25 14:18:58.799 [main] INFO  top.wuml.ServerApplication - Starting ServerApplication using Java 17.0.4.1 with PID 21828 (D:\ideaWorkspace\api-boot\api-server\target\classes started by 65648 in D:\ideaWorkspace\api-boot)
2023-04-25 14:18:58.803 [main] INFO  top.wuml.ServerApplication - The following 1 profile is active: "dev"
2023-04-25 14:19:02.280 [main] INFO  o.s.d.r.config.RepositoryConfigurationDelegate - Multiple Spring Data modules found, entering strict repository configuration mode
2023-04-25 14:19:02.286 [main] INFO  o.s.d.r.config.RepositoryConfigurationDelegate - Bootstrapping Spring Data Redis repositories in DEFAULT mode.
2023-04-25 14:19:02.358 [main] INFO  o.s.d.r.config.RepositoryConfigurationDelegate - Finished Spring Data repository scanning in 47 ms. Found 0 Redis repository interfaces.
2023-04-25 14:19:04.215 [main] INFO  o.s.boot.web.embedded.tomcat.TomcatWebServer - Tomcat initialized with port(s): 8080 (http)
2023-04-25 14:19:04.244 [main] INFO  org.apache.coyote.http11.Http11NioProtocol - Initializing ProtocolHandler ["http-nio-8080"]
2023-04-25 14:19:04.245 [main] INFO  org.apache.catalina.core.StandardService - Starting service [Tomcat]
2023-04-25 14:19:04.245 [main] INFO  org.apache.catalina.core.StandardEngine - Starting Servlet engine: [Apache Tomcat/10.1.7]
2023-04-25 14:19:04.464 [main] INFO  o.a.c.core.ContainerBase.[Tomcat].[localhost].[/] - Initializing Spring embedded WebApplicationContext
2023-04-25 14:19:04.464 [main] INFO  o.s.b.w.s.c.ServletWebServerApplicationContext - Root WebApplicationContext: initialization completed in 5492 ms
2023-04-25 14:19:08.944 [main] INFO  o.s.security.web.DefaultSecurityFilterChain - Will secure any request with [org.springframework.security.web.session.DisableEncodeUrlFilter@5cb8580, org.springframework.security.web.context.request.async.WebAsyncManagerIntegrationFilter@2ca1e49a, org.springframework.security.web.context.SecurityContextHolderFilter@3c97f5e9, org.springframework.security.web.header.HeaderWriterFilter@40013051, org.springframework.security.web.authentication.logout.LogoutFilter@539ee811, top.wuml.security.filter.AuthenticationTokenFilter@2dcd0e41, org.springframework.security.web.savedrequest.RequestCacheAwareFilter@4583b617, org.springframework.security.web.servletapi.SecurityContextHolderAwareRequestFilter@22a63740, org.springframework.security.web.authentication.AnonymousAuthenticationFilter@1aee6d14, org.springframework.security.web.session.SessionManagementFilter@2864d34d, org.springframework.security.web.access.ExceptionTranslationFilter@3b25709e, org.springframework.security.web.access.intercept.AuthorizationFilter@3c89b864]
2023-04-25 14:19:09.681 [main] INFO  org.apache.coyote.http11.Http11NioProtocol - Starting ProtocolHandler ["http-nio-8080"]
2023-04-25 14:19:09.764 [main] INFO  o.s.boot.web.embedded.tomcat.TomcatWebServer - Tomcat started on port(s): 8080 (http) with context path ''
2023-04-25 14:19:09.784 [main] INFO  top.wuml.ServerApplication - Started ServerApplication in 12.169 seconds (process running for 16.183)
2023-04-25 14:19:22.714 [http-nio-8080-exec-1] INFO  o.a.c.core.ContainerBase.[Tomcat].[localhost].[/] - Initializing Spring DispatcherServlet 'dispatcherServlet'
2023-04-25 14:19:22.715 [http-nio-8080-exec-1] INFO  org.springframework.web.servlet.DispatcherServlet - Initializing Servlet 'dispatcherServlet'
2023-04-25 14:19:22.716 [http-nio-8080-exec-1] INFO  org.springframework.web.servlet.DispatcherServlet - Completed initialization in 1 ms
2023-04-25 14:19:24.695 [http-nio-8080-exec-29] INFO  org.springdoc.api.AbstractOpenApiResource - Init duration for springdoc-openapi is: 530 ms
2023-04-25 14:20:28.018 [background-preinit] INFO  org.hibernate.validator.internal.util.Version - HV000001: Hibernate Validator 8.0.0.Final
2023-04-25 14:20:28.067 [main] INFO  top.wuml.ServerApplication - Starting ServerApplication using Java 17.0.4.1 with PID 18920 (D:\ideaWorkspace\api-boot\api-server\target\classes started by 65648 in D:\ideaWorkspace\api-boot)
2023-04-25 14:20:28.068 [main] INFO  top.wuml.ServerApplication - The following 1 profile is active: "dev"
2023-04-25 14:20:29.212 [main] INFO  o.s.d.r.config.RepositoryConfigurationDelegate - Multiple Spring Data modules found, entering strict repository configuration mode
2023-04-25 14:20:29.222 [main] INFO  o.s.d.r.config.RepositoryConfigurationDelegate - Bootstrapping Spring Data Redis repositories in DEFAULT mode.
2023-04-25 14:20:29.346 [main] INFO  o.s.d.r.config.RepositoryConfigurationDelegate - Finished Spring Data repository scanning in 99 ms. Found 0 Redis repository interfaces.
2023-04-25 14:20:30.673 [main] INFO  o.s.boot.web.embedded.tomcat.TomcatWebServer - Tomcat initialized with port(s): 8080 (http)
2023-04-25 14:20:30.688 [main] INFO  org.apache.coyote.http11.Http11NioProtocol - Initializing ProtocolHandler ["http-nio-8080"]
2023-04-25 14:20:30.690 [main] INFO  org.apache.catalina.core.StandardService - Starting service [Tomcat]
2023-04-25 14:20:30.691 [main] INFO  org.apache.catalina.core.StandardEngine - Starting Servlet engine: [Apache Tomcat/10.1.7]
2023-04-25 14:20:30.865 [main] INFO  o.a.c.core.ContainerBase.[Tomcat].[localhost].[/] - Initializing Spring embedded WebApplicationContext
2023-04-25 14:20:30.865 [main] INFO  o.s.b.w.s.c.ServletWebServerApplicationContext - Root WebApplicationContext: initialization completed in 2728 ms
2023-04-25 14:20:33.962 [main] INFO  o.s.security.web.DefaultSecurityFilterChain - Will secure any request with [org.springframework.security.web.session.DisableEncodeUrlFilter@3cf06a01, org.springframework.security.web.context.request.async.WebAsyncManagerIntegrationFilter@71ee2fff, org.springframework.security.web.context.SecurityContextHolderFilter@5be69f7e, org.springframework.security.web.header.HeaderWriterFilter@76220ef1, org.springframework.security.web.authentication.logout.LogoutFilter@56b751b1, top.wuml.security.filter.AuthenticationTokenFilter@3271ec2a, org.springframework.security.web.savedrequest.RequestCacheAwareFilter@16d61071, org.springframework.security.web.servletapi.SecurityContextHolderAwareRequestFilter@18692e80, org.springframework.security.web.authentication.AnonymousAuthenticationFilter@68f2363, org.springframework.security.web.session.SessionManagementFilter@3df04fa1, org.springframework.security.web.access.ExceptionTranslationFilter@211da640, org.springframework.security.web.access.intercept.AuthorizationFilter@6f65a203]
2023-04-25 14:20:34.383 [main] INFO  org.apache.coyote.http11.Http11NioProtocol - Starting ProtocolHandler ["http-nio-8080"]
2023-04-25 14:20:34.416 [main] INFO  o.s.boot.web.embedded.tomcat.TomcatWebServer - Tomcat started on port(s): 8080 (http) with context path ''
2023-04-25 14:20:34.438 [main] INFO  top.wuml.ServerApplication - Started ServerApplication in 7.092 seconds (process running for 8.511)
2023-04-25 14:20:52.427 [http-nio-8080-exec-1] INFO  o.a.c.core.ContainerBase.[Tomcat].[localhost].[/] - Initializing Spring DispatcherServlet 'dispatcherServlet'
2023-04-25 14:20:52.430 [http-nio-8080-exec-1] INFO  org.springframework.web.servlet.DispatcherServlet - Initializing Servlet 'dispatcherServlet'
2023-04-25 14:20:52.434 [http-nio-8080-exec-1] INFO  org.springframework.web.servlet.DispatcherServlet - Completed initialization in 4 ms
2023-04-25 14:21:23.732 [http-nio-8080-exec-5] INFO  com.zaxxer.hikari.HikariDataSource - MakuHikariCP - Starting...
2023-04-25 14:21:24.940 [http-nio-8080-exec-5] INFO  com.zaxxer.hikari.pool.HikariPool - MakuHikariCP - Added connection com.mysql.cj.jdbc.ConnectionImpl@30f2cb9a
2023-04-25 14:21:24.942 [http-nio-8080-exec-5] INFO  com.zaxxer.hikari.HikariDataSource - MakuHikariCP - Start completed.
2023-04-25 14:22:04.930 [SpringApplicationShutdownHook] INFO  com.zaxxer.hikari.HikariDataSource - MakuHikariCP - Shutdown initiated...
2023-04-25 14:22:04.934 [SpringApplicationShutdownHook] INFO  com.zaxxer.hikari.HikariDataSource - MakuHikariCP - Shutdown completed.
2023-04-25 14:23:47.016 [background-preinit] INFO  org.hibernate.validator.internal.util.Version - HV000001: Hibernate Validator 8.0.0.Final
2023-04-25 14:23:47.063 [main] INFO  top.wuml.ServerApplication - Starting ServerApplication using Java 17.0.4.1 with PID 23924 (D:\ideaWorkspace\api-boot\api-server\target\classes started by 65648 in D:\ideaWorkspace\api-boot)
2023-04-25 14:23:47.064 [main] INFO  top.wuml.ServerApplication - The following 1 profile is active: "dev"
2023-04-25 14:23:48.072 [main] INFO  o.s.d.r.config.RepositoryConfigurationDelegate - Multiple Spring Data modules found, entering strict repository configuration mode
2023-04-25 14:23:48.074 [main] INFO  o.s.d.r.config.RepositoryConfigurationDelegate - Bootstrapping Spring Data Redis repositories in DEFAULT mode.
2023-04-25 14:23:48.123 [main] INFO  o.s.d.r.config.RepositoryConfigurationDelegate - Finished Spring Data repository scanning in 32 ms. Found 0 Redis repository interfaces.
2023-04-25 14:23:48.894 [main] INFO  o.s.boot.web.embedded.tomcat.TomcatWebServer - Tomcat initialized with port(s): 8080 (http)
2023-04-25 14:23:48.902 [main] INFO  org.apache.coyote.http11.Http11NioProtocol - Initializing ProtocolHandler ["http-nio-8080"]
2023-04-25 14:23:48.903 [main] INFO  org.apache.catalina.core.StandardService - Starting service [Tomcat]
2023-04-25 14:23:48.903 [main] INFO  org.apache.catalina.core.StandardEngine - Starting Servlet engine: [Apache Tomcat/10.1.7]
2023-04-25 14:23:49.017 [main] INFO  o.a.c.core.ContainerBase.[Tomcat].[localhost].[/] - Initializing Spring embedded WebApplicationContext
2023-04-25 14:23:49.017 [main] INFO  o.s.b.w.s.c.ServletWebServerApplicationContext - Root WebApplicationContext: initialization completed in 1910 ms
2023-04-25 14:23:51.830 [main] INFO  o.s.security.web.DefaultSecurityFilterChain - Will secure any request with [org.springframework.security.web.session.DisableEncodeUrlFilter@1aee6d14, org.springframework.security.web.context.request.async.WebAsyncManagerIntegrationFilter@54a6ef6, org.springframework.security.web.context.SecurityContextHolderFilter@4583b617, org.springframework.security.web.header.HeaderWriterFilter@6143b2b1, org.springframework.security.web.authentication.logout.LogoutFilter@2cacb445, top.wuml.security.filter.AuthenticationTokenFilter@1b409a79, org.springframework.security.web.savedrequest.RequestCacheAwareFilter@211da640, org.springframework.security.web.servletapi.SecurityContextHolderAwareRequestFilter@2ec92631, org.springframework.security.web.authentication.AnonymousAuthenticationFilter@5c740c5a, org.springframework.security.web.session.SessionManagementFilter@3e9b3b3c, org.springframework.security.web.access.ExceptionTranslationFilter@40013051, org.springframework.security.web.access.intercept.AuthorizationFilter@30a62a5b]
2023-04-25 14:23:52.823 [main] INFO  org.apache.coyote.http11.Http11NioProtocol - Starting ProtocolHandler ["http-nio-8080"]
2023-04-25 14:23:52.852 [main] INFO  o.s.boot.web.embedded.tomcat.TomcatWebServer - Tomcat started on port(s): 8080 (http) with context path ''
2023-04-25 14:23:52.868 [main] INFO  top.wuml.ServerApplication - Started ServerApplication in 6.403 seconds (process running for 8.018)
2023-04-25 14:40:23.092 [http-nio-8080-exec-1] INFO  o.a.c.core.ContainerBase.[Tomcat].[localhost].[/] - Initializing Spring DispatcherServlet 'dispatcherServlet'
2023-04-25 14:40:23.092 [http-nio-8080-exec-1] INFO  org.springframework.web.servlet.DispatcherServlet - Initializing Servlet 'dispatcherServlet'
2023-04-25 14:40:23.094 [http-nio-8080-exec-1] INFO  org.springframework.web.servlet.DispatcherServlet - Completed initialization in 2 ms
2023-04-25 14:40:23.883 [http-nio-8080-exec-2] INFO  com.zaxxer.hikari.HikariDataSource - MakuHikariCP - Starting...
2023-04-25 14:40:24.206 [http-nio-8080-exec-2] INFO  com.zaxxer.hikari.pool.HikariPool - MakuHikariCP - Added connection com.mysql.cj.jdbc.ConnectionImpl@6245ac41
2023-04-25 14:40:24.209 [http-nio-8080-exec-2] INFO  com.zaxxer.hikari.HikariDataSource - MakuHikariCP - Start completed.
2023-04-25 15:33:04.279 [SpringApplicationShutdownHook] INFO  com.zaxxer.hikari.HikariDataSource - MakuHikariCP - Shutdown initiated...
2023-04-25 15:33:04.283 [SpringApplicationShutdownHook] INFO  com.zaxxer.hikari.HikariDataSource - MakuHikariCP - Shutdown completed.
2023-04-25 15:33:12.244 [background-preinit] INFO  org.hibernate.validator.internal.util.Version - HV000001: Hibernate Validator 8.0.0.Final
2023-04-25 15:33:12.291 [main] INFO  top.wuml.ServerApplication - Starting ServerApplication using Java 17.0.4.1 with PID 24936 (D:\ideaWorkspace\api-boot\api-server\target\classes started by 65648 in D:\ideaWorkspace\api-boot)
2023-04-25 15:33:12.292 [main] INFO  top.wuml.ServerApplication - The following 1 profile is active: "dev"
2023-04-25 15:33:13.222 [main] INFO  o.s.d.r.config.RepositoryConfigurationDelegate - Multiple Spring Data modules found, entering strict repository configuration mode
2023-04-25 15:33:13.224 [main] INFO  o.s.d.r.config.RepositoryConfigurationDelegate - Bootstrapping Spring Data Redis repositories in DEFAULT mode.
2023-04-25 15:33:13.268 [main] INFO  o.s.d.r.config.RepositoryConfigurationDelegate - Finished Spring Data repository scanning in 28 ms. Found 0 Redis repository interfaces.
2023-04-25 15:33:13.921 [main] INFO  o.s.boot.web.embedded.tomcat.TomcatWebServer - Tomcat initialized with port(s): 8080 (http)
2023-04-25 15:33:13.928 [main] INFO  org.apache.coyote.http11.Http11NioProtocol - Initializing ProtocolHandler ["http-nio-8080"]
2023-04-25 15:33:13.929 [main] INFO  org.apache.catalina.core.StandardService - Starting service [Tomcat]
2023-04-25 15:33:13.929 [main] INFO  org.apache.catalina.core.StandardEngine - Starting Servlet engine: [Apache Tomcat/10.1.7]
2023-04-25 15:33:14.044 [main] INFO  o.a.c.core.ContainerBase.[Tomcat].[localhost].[/] - Initializing Spring embedded WebApplicationContext
2023-04-25 15:33:14.045 [main] INFO  o.s.b.w.s.c.ServletWebServerApplicationContext - Root WebApplicationContext: initialization completed in 1710 ms
2023-04-25 15:33:16.258 [main] INFO  o.s.security.web.DefaultSecurityFilterChain - Will secure any request with [org.springframework.security.web.session.DisableEncodeUrlFilter@2ca1e49a, org.springframework.security.web.context.request.async.WebAsyncManagerIntegrationFilter@1aee6d14, org.springframework.security.web.context.SecurityContextHolderFilter@32e7b78d, org.springframework.security.web.header.HeaderWriterFilter@71f29d91, org.springframework.security.web.authentication.logout.LogoutFilter@1aa59698, top.wuml.security.filter.AuthenticationTokenFilter@7272ee51, org.springframework.security.web.savedrequest.RequestCacheAwareFilter@22a63740, org.springframework.security.web.servletapi.SecurityContextHolderAwareRequestFilter@211da640, org.springframework.security.web.authentication.AnonymousAuthenticationFilter@54a6ef6, org.springframework.security.web.session.SessionManagementFilter@5fb514c2, org.springframework.security.web.access.ExceptionTranslationFilter@5ec6a1b6, org.springframework.security.web.access.intercept.AuthorizationFilter@3400d6fa]
2023-04-25 15:33:16.664 [main] INFO  org.apache.coyote.http11.Http11NioProtocol - Starting ProtocolHandler ["http-nio-8080"]
2023-04-25 15:33:16.692 [main] INFO  o.s.boot.web.embedded.tomcat.TomcatWebServer - Tomcat started on port(s): 8080 (http) with context path ''
2023-04-25 15:33:16.704 [main] INFO  top.wuml.ServerApplication - Started ServerApplication in 4.896 seconds (process running for 6.262)
2023-04-25 15:33:24.178 [http-nio-8080-exec-2] INFO  o.a.c.core.ContainerBase.[Tomcat].[localhost].[/] - Initializing Spring DispatcherServlet 'dispatcherServlet'
2023-04-25 15:33:24.179 [http-nio-8080-exec-2] INFO  org.springframework.web.servlet.DispatcherServlet - Initializing Servlet 'dispatcherServlet'
2023-04-25 15:33:24.181 [http-nio-8080-exec-2] INFO  org.springframework.web.servlet.DispatcherServlet - Completed initialization in 2 ms
2023-04-25 15:33:25.667 [http-nio-8080-exec-24] INFO  org.springdoc.api.AbstractOpenApiResource - Init duration for springdoc-openapi is: 415 ms
2023-04-25 15:33:36.542 [http-nio-8080-exec-12] INFO  com.zaxxer.hikari.HikariDataSource - MakuHikariCP - Starting...
2023-04-25 15:33:36.887 [http-nio-8080-exec-12] INFO  com.zaxxer.hikari.pool.HikariPool - MakuHikariCP - Added connection com.mysql.cj.jdbc.ConnectionImpl@2322be03
2023-04-25 15:33:36.889 [http-nio-8080-exec-12] INFO  com.zaxxer.hikari.HikariDataSource - MakuHikariCP - Start completed.
2023-04-25 15:35:03.168 [SpringApplicationShutdownHook] INFO  com.zaxxer.hikari.HikariDataSource - MakuHikariCP - Shutdown initiated...
2023-04-25 15:35:03.177 [SpringApplicationShutdownHook] INFO  com.zaxxer.hikari.HikariDataSource - MakuHikariCP - Shutdown completed.
